<?xml version="1.0" encoding="UTF-8"?>
<!-- Generated by org.testng.reporters.JUnitReportReporter -->
<testsuite hostname="DESKTOP-A8DG1E5" failures="0" tests="4" name="ecommerce.tests.SubmitOrderTest" time="19.847" errors="0" timestamp="2024-02-10T23:06:35 IST" skipped="0">
  <testcase classname="ecommerce.tests.SubmitOrderTest" name="submitOrderTest" time="7.556"/>
  <testcase classname="ecommerce.tests.SubmitOrderTest" name="orderVerificationTest" time="2.365"/>
  <testcase classname="ecommerce.tests.SubmitOrderTest" name="orderVerificationTest" time="3.823"/>
  <testcase classname="ecommerce.tests.SubmitOrderTest" name="submitOrderTest" time="6.103"/>
</testsuite> <!-- ecommerce.tests.SubmitOrderTest -->
