<?xml version="1.0" encoding="UTF-8"?>
<!-- Generated by org.testng.reporters.JUnitReportReporter -->
<testsuite hostname="DESKTOP-A8DG1E5" failures="0" tests="4" name="ecommerce.tests.SubmitOrderTest" time="22.443" errors="0" timestamp="2024-02-10T23:35:05 IST" skipped="0">
  <testcase classname="ecommerce.tests.SubmitOrderTest" name="orderVerificationTest" time="2.571"/>
  <testcase classname="ecommerce.tests.SubmitOrderTest" name="submitOrderTest" time="8.950"/>
  <testcase classname="ecommerce.tests.SubmitOrderTest" name="orderVerificationTest" time="2.583"/>
  <testcase classname="ecommerce.tests.SubmitOrderTest" name="submitOrderTest" time="8.339"/>
</testsuite> <!-- ecommerce.tests.SubmitOrderTest -->
