<?xml version="1.0" encoding="UTF-8"?>
<!-- Generated by org.testng.reporters.JUnitReportReporter -->
<testsuite hostname="DESKTOP-A8DG1E5" failures="0" tests="1" name="ecommerce.tests.ErrorValidationsTest" time="4.769" errors="0" timestamp="2024-02-10T23:57:02 IST" skipped="0">
  <testcase classname="ecommerce.tests.ErrorValidationsTest" name="loginValidation" time="4.769"/>
</testsuite> <!-- ecommerce.tests.ErrorValidationsTest -->
